<?xml version="1.0" encoding="UTF-8"?>
<testng-results skipped="0" failed="1" total="4" passed="3">
  <reporter-output>
  </reporter-output>
  <suite name="Default suite" duration-ms="46507" started-at="2018-11-13T14:23:28Z" finished-at="2018-11-13T14:24:15Z">
    <groups>
    </groups>
    <test name="Default test" duration-ms="46507" started-at="2018-11-13T14:23:28Z" finished-at="2018-11-13T14:24:15Z">
      <class name="assignmentQ1.TestScenarios">
        <test-method status="PASS" signature="beforeTest()[pri:0, instance:assignmentQ1.TestScenarios@31a5c39e]" name="beforeTest" is-config="true" duration-ms="13028" started-at="2018-11-13T19:53:28Z" finished-at="2018-11-13T19:53:41Z">
          <reporter-output>
          </reporter-output>
        </test-method> <!-- beforeTest -->
        <test-method status="PASS" signature="login()[pri:1, instance:assignmentQ1.TestScenarios@31a5c39e]" name="login" duration-ms="3136" started-at="2018-11-13T19:53:41Z" description="Scenario1" finished-at="2018-11-13T19:53:44Z">
          <reporter-output>
          </reporter-output>
        </test-method> <!-- login -->
        <test-method status="PASS" signature="ValidateDirectoryClass()[pri:2, instance:assignmentQ1.TestScenarios@31a5c39e]" name="ValidateDirectoryClass" duration-ms="13329" started-at="2018-11-13T19:53:44Z" description="Scenario2" finished-at="2018-11-13T19:53:58Z">
          <reporter-output>
          </reporter-output>
        </test-method> <!-- ValidateDirectoryClass -->
        <test-method status="FAIL" signature="ValidateAdminClass()[pri:3, instance:assignmentQ1.TestScenarios@31a5c39e]" name="ValidateAdminClass" duration-ms="8425" started-at="2018-11-13T19:53:58Z" description="Scenario3" finished-at="2018-11-13T19:54:06Z">
          <exception class="org.openqa.selenium.NoSuchElementException">
            <message>
              <![CDATA[Unable to locate element: {"method":"xpath","selector":".//*[@id='resultTable']/tbody/tr/td[2]"}
Command duration or timeout: 0 milliseconds]]>
            </message>
            <full-stacktrace>
              <![CDATA[org.openqa.selenium.NoSuchElementException: Unable to locate element: {"method":"xpath","selector":".//*[@id='resultTable']/tbody/tr/td[2]"}
Command duration or timeout: 0 milliseconds
	at sun.reflect.NativeConstructorAccessorImpl.newInstance0(Native Method)
	at sun.reflect.NativeConstructorAccessorImpl.newInstance(NativeConstructorAccessorImpl.java:62)
	at sun.reflect.DelegatingConstructorAccessorImpl.newInstance(DelegatingConstructorAccessorImpl.java:45)
	at java.lang.reflect.Constructor.newInstance(Constructor.java:423)
	at org.openqa.selenium.remote.ErrorHandler.createThrowable(ErrorHandler.java:215)
	at org.openqa.selenium.remote.ErrorHandler.throwIfResponseFailed(ErrorHandler.java:167)
	at org.openqa.selenium.remote.http.JsonHttpResponseCodec.reconstructValue(JsonHttpResponseCodec.java:40)
	at org.openqa.selenium.remote.http.AbstractHttpResponseCodec.decode(AbstractHttpResponseCodec.java:82)
	at org.openqa.selenium.remote.http.AbstractHttpResponseCodec.decode(AbstractHttpResponseCodec.java:45)
	at org.openqa.selenium.remote.HttpCommandExecutor.execute(HttpCommandExecutor.java:164)
	at org.openqa.selenium.remote.service.DriverCommandExecutor.execute(DriverCommandExecutor.java:82)
	at org.openqa.selenium.remote.RemoteWebDriver.execute(RemoteWebDriver.java:641)
	at org.openqa.selenium.remote.RemoteWebDriver.findElement(RemoteWebDriver.java:414)
	at org.openqa.selenium.remote.RemoteWebDriver.findElementByXPath(RemoteWebDriver.java:513)
	at org.openqa.selenium.By$ByXPath.findElement(By.java:361)
	at org.openqa.selenium.remote.RemoteWebDriver.findElement(RemoteWebDriver.java:406)
	at assignmentQ1.Admin.search(Admin.java:70)
	at assignmentQ1.TestScenarios.ValidateAdminClass(TestScenarios.java:50)
	at sun.reflect.NativeMethodAccessorImpl.invoke0(Native Method)
	at sun.reflect.NativeMethodAccessorImpl.invoke(NativeMethodAccessorImpl.java:62)
	at sun.reflect.DelegatingMethodAccessorImpl.invoke(DelegatingMethodAccessorImpl.java:43)
	at java.lang.reflect.Method.invoke(Method.java:498)
	at org.testng.internal.MethodInvocationHelper.invokeMethod(MethodInvocationHelper.java:86)
	at org.testng.internal.Invoker.invokeMethod(Invoker.java:646)
	at org.testng.internal.Invoker.invokeTestMethod(Invoker.java:823)
	at org.testng.internal.Invoker.invokeTestMethods(Invoker.java:1131)
	at org.testng.internal.TestMethodWorker.invokeTestMethods(TestMethodWorker.java:129)
	at org.testng.internal.TestMethodWorker.run(TestMethodWorker.java:112)
	at org.testng.TestRunner.privateRun(TestRunner.java:778)
	at org.testng.TestRunner.run(TestRunner.java:632)
	at org.testng.SuiteRunner.runTest(SuiteRunner.java:366)
	at org.testng.SuiteRunner.runSequentially(SuiteRunner.java:361)
	at org.testng.SuiteRunner.privateRun(SuiteRunner.java:319)
	at org.testng.SuiteRunner.run(SuiteRunner.java:268)
	at org.testng.SuiteRunnerWorker.runSuite(SuiteRunnerWorker.java:52)
	at org.testng.SuiteRunnerWorker.run(SuiteRunnerWorker.java:86)
	at org.testng.TestNG.runSuitesSequentially(TestNG.java:1225)
	at org.testng.TestNG.runSuitesLocally(TestNG.java:1150)
	at org.testng.TestNG.runSuites(TestNG.java:1075)
	at org.testng.TestNG.run(TestNG.java:1047)
	at org.testng.remote.AbstractRemoteTestNG.run(AbstractRemoteTestNG.java:126)
	at org.testng.remote.RemoteTestNG.initAndRun(RemoteTestNG.java:137)
	at org.testng.remote.RemoteTestNG.main(RemoteTestNG.java:58)
Caused by: org.openqa.selenium.NoSuchElementException: Unable to locate element: {"method":"xpath","selector":".//*[@id='resultTable']/tbody/tr/td[2]"}
For documentation on this error, please visit: http://seleniumhq.org/exceptions/no_such_element.html
Build info: version: 'unknown', revision: 'unknown', time: 'unknown'
System info: host: 'LH7U05CG7462CG8', ip: '10.194.26.42', os.name: 'Windows 7', os.arch: 'amd64', os.version: '6.1', java.version: '1.8.0_91'
Driver info: driver.version: unknown
	at <anonymous class>.FirefoxDriver.prototype.findElementInternal_(file:///C:/Users/hsisodia/AppData/Local/Temp/anonymous1883066525923109148webdriver-profile/extensions/fxdriver@googlecode.com/components/driver-component.js:11867)
	at <anonymous class>.fxdriver.Timer.prototype.setTimeout/<.notify(file:///C:/Users/hsisodia/AppData/Local/Temp/anonymous1883066525923109148webdriver-profile/extensions/fxdriver@googlecode.com/components/driver-component.js:918)
]]>
            </full-stacktrace>
          </exception> <!-- org.openqa.selenium.NoSuchElementException -->
          <reporter-output>
          </reporter-output>
        </test-method> <!-- ValidateAdminClass -->
        <test-method status="PASS" signature="ValidateAssignLeaveClass()[pri:4, instance:assignmentQ1.TestScenarios@31a5c39e]" name="ValidateAssignLeaveClass" duration-ms="8528" started-at="2018-11-13T19:54:06Z" description="Scenario4" finished-at="2018-11-13T19:54:15Z">
          <reporter-output>
          </reporter-output>
        </test-method> <!-- ValidateAssignLeaveClass -->
      </class> <!-- assignmentQ1.TestScenarios -->
    </test> <!-- Default test -->
  </suite> <!-- Default suite -->
</testng-results>
